[debug] [2023-07-27T21:20:48.119Z] ----------------------------------------------------------------------
[debug] [2023-07-27T21:20:48.121Z] Command:       C:\Program Files\nodejs\node.exe C:\Users\Exser\AppData\Roaming\npm\node_modules\firebase-tools\lib\bin\firebase.js init
[debug] [2023-07-27T21:20:48.121Z] CLI Version:   12.4.5
[debug] [2023-07-27T21:20:48.121Z] Platform:      win32
[debug] [2023-07-27T21:20:48.122Z] Node Version:  v20.5.0
[debug] [2023-07-27T21:20:48.122Z] Time:          Thu Jul 27 2023 17:20:48 GMT-0400 (Eastern Daylight Time)
[debug] [2023-07-27T21:20:48.122Z] ----------------------------------------------------------------------
[debug] 
[debug] [2023-07-27T21:20:48.184Z] > command requires scopes: ["email","openid","https://www.googleapis.com/auth/cloudplatformprojects.readonly","https://www.googleapis.com/auth/firebase","https://www.googleapis.com/auth/cloud-platform"]
[debug] [2023-07-27T21:20:48.185Z] > authorizing via signed-in user (conleydeleon@gmail.com)
[info] 
     ######## #### ########  ######## ########     ###     ######  ########
     ##        ##  ##     ## ##       ##     ##  ##   ##  ##       ##
     ######    ##  ########  ######   ########  #########  ######  ######
     ##        ##  ##    ##  ##       ##     ## ##     ##       ## ##
     ##       #### ##     ## ######## ########  ##     ##  ######  ########

You're about to initialize a Firebase project in this directory:

  C:\Users\Exser

Before we get started, keep in mind:

  * You are initializing within an existing Firebase project directory

